{"D:\\Projets\\API-REST-TICTACTRIP\\app.js": {"path":"D:\\Projets\\API-REST-TICTACTRIP\\app.js","statementMap":{"0":{"start":{"line":1,"column":16},"end":{"line":1,"column":34}},"1":{"start":{"line":2,"column":12},"end":{"line":2,"column":21}},"2":{"start":{"line":5,"column":0},"end":{"line":5,"column":24}},"3":{"start":{"line":6,"column":0},"end":{"line":6,"column":24}},"4":{"start":{"line":11,"column":0},"end":{"line":11,"column":42}},"5":{"start":{"line":15,"column":0},"end":{"line":15,"column":42}},"6":{"start":{"line":18,"column":0},"end":{"line":18,"column":21}}},"fnMap":{},"branchMap":{},"s":{"0":2,"1":2,"2":2,"3":2,"4":2,"5":2,"6":2},"f":{},"b":{},"_coverageSchema":"1a1c01bbd47fc00a2c39e90264f33305004495a9","hash":"d3dc0438f67b38943ada554235bb5c84a268e51e"}
,"D:\\Projets\\API-REST-TICTACTRIP\\middleware\\Validation.js": {"path":"D:\\Projets\\API-REST-TICTACTRIP\\middleware\\Validation.js","statementMap":{"0":{"start":{"line":1,"column":0},"end":{"line":16,"column":2}},"1":{"start":{"line":2,"column":20},"end":{"line":2,"column":28}},"2":{"start":{"line":5,"column":8},"end":{"line":5,"column":75}},"3":{"start":{"line":8,"column":4},"end":{"line":13,"column":5}},"4":{"start":{"line":9,"column":8},"end":{"line":9,"column":63}},"5":{"start":{"line":11,"column":9},"end":{"line":13,"column":5}},"6":{"start":{"line":12,"column":8},"end":{"line":12,"column":75}},"7":{"start":{"line":15,"column":4},"end":{"line":15,"column":11}}},"fnMap":{"0":{"name":"(anonymous_0)","decl":{"start":{"line":1,"column":17},"end":{"line":1,"column":18}},"loc":{"start":{"line":1,"column":41},"end":{"line":16,"column":1}},"line":1},"1":{"name":"validateEmail","decl":{"start":{"line":4,"column":13},"end":{"line":4,"column":26}},"loc":{"start":{"line":4,"column":33},"end":{"line":6,"column":5}},"line":4}},"branchMap":{"0":{"loc":{"start":{"line":8,"column":4},"end":{"line":13,"column":5}},"type":"if","locations":[{"start":{"line":8,"column":4},"end":{"line":13,"column":5}},{"start":{"line":11,"column":9},"end":{"line":13,"column":5}}],"line":8},"1":{"loc":{"start":{"line":11,"column":9},"end":{"line":13,"column":5}},"type":"if","locations":[{"start":{"line":11,"column":9},"end":{"line":13,"column":5}},{"start":{},"end":{}}],"line":11}},"s":{"0":2,"1":8,"2":6,"3":8,"4":2,"5":6,"6":2,"7":4},"f":{"0":8,"1":6},"b":{"0":[2,6],"1":[2,4]},"_coverageSchema":"1a1c01bbd47fc00a2c39e90264f33305004495a9","hash":"a6e1187bf3c634a4c7fb02c91074015ee29ec4a0"}
,"D:\\Projets\\API-REST-TICTACTRIP\\middleware\\jwtValidation.js": {"path":"D:\\Projets\\API-REST-TICTACTRIP\\middleware\\jwtValidation.js","statementMap":{"0":{"start":{"line":1,"column":12},"end":{"line":1,"column":35}},"1":{"start":{"line":2,"column":0},"end":{"line":2,"column":27}},"2":{"start":{"line":4,"column":0},"end":{"line":23,"column":1}},"3":{"start":{"line":6,"column":23},"end":{"line":6,"column":51}},"4":{"start":{"line":7,"column":18},"end":{"line":7,"column":56}},"5":{"start":{"line":10,"column":4},"end":{"line":12,"column":5}},"6":{"start":{"line":11,"column":8},"end":{"line":11,"column":69}},"7":{"start":{"line":15,"column":4},"end":{"line":21,"column":7}},"8":{"start":{"line":16,"column":8},"end":{"line":18,"column":9}},"9":{"start":{"line":17,"column":12},"end":{"line":17,"column":67}},"10":{"start":{"line":19,"column":8},"end":{"line":19,"column":24}},"11":{"start":{"line":20,"column":8},"end":{"line":20,"column":15}}},"fnMap":{"0":{"name":"(anonymous_0)","decl":{"start":{"line":4,"column":17},"end":{"line":4,"column":18}},"loc":{"start":{"line":4,"column":42},"end":{"line":23,"column":1}},"line":4},"1":{"name":"(anonymous_1)","decl":{"start":{"line":15,"column":55},"end":{"line":15,"column":56}},"loc":{"start":{"line":15,"column":69},"end":{"line":21,"column":5}},"line":15}},"branchMap":{"0":{"loc":{"start":{"line":7,"column":18},"end":{"line":7,"column":56}},"type":"binary-expr","locations":[{"start":{"line":7,"column":18},"end":{"line":7,"column":28}},{"start":{"line":7,"column":32},"end":{"line":7,"column":56}}],"line":7},"1":{"loc":{"start":{"line":10,"column":4},"end":{"line":12,"column":5}},"type":"if","locations":[{"start":{"line":10,"column":4},"end":{"line":12,"column":5}},{"start":{},"end":{}}],"line":10},"2":{"loc":{"start":{"line":16,"column":8},"end":{"line":18,"column":9}},"type":"if","locations":[{"start":{"line":16,"column":8},"end":{"line":18,"column":9}},{"start":{},"end":{}}],"line":16}},"s":{"0":2,"1":2,"2":2,"3":6,"4":6,"5":6,"6":1,"7":5,"8":5,"9":1,"10":4,"11":4},"f":{"0":6,"1":5},"b":{"0":[6,5],"1":[1,5],"2":[1,4]},"_coverageSchema":"1a1c01bbd47fc00a2c39e90264f33305004495a9","hash":"e6a7c5776319ebe7ab10db006d68eb7a4aae2798"}
,"D:\\Projets\\API-REST-TICTACTRIP\\middleware\\textJustifyValidation.js": {"path":"D:\\Projets\\API-REST-TICTACTRIP\\middleware\\textJustifyValidation.js","statementMap":{"0":{"start":{"line":1,"column":0},"end":{"line":1,"column":27}},"1":{"start":{"line":2,"column":36},"end":{"line":2,"column":66}},"2":{"start":{"line":3,"column":0},"end":{"line":29,"column":1}},"3":{"start":{"line":7,"column":17},"end":{"line":7,"column":25}},"4":{"start":{"line":10,"column":4},"end":{"line":12,"column":5}},"5":{"start":{"line":11,"column":8},"end":{"line":11,"column":75}},"6":{"start":{"line":15,"column":15},"end":{"line":15,"column":61}},"7":{"start":{"line":16,"column":4},"end":{"line":16,"column":61}},"8":{"start":{"line":19,"column":21},"end":{"line":19,"column":32}},"9":{"start":{"line":20,"column":18},"end":{"line":20,"column":33}},"10":{"start":{"line":22,"column":4},"end":{"line":24,"column":5}},"11":{"start":{"line":23,"column":8},"end":{"line":23,"column":73}},"12":{"start":{"line":25,"column":4},"end":{"line":25,"column":32}},"13":{"start":{"line":26,"column":4},"end":{"line":26,"column":11}}},"fnMap":{"0":{"name":"(anonymous_0)","decl":{"start":{"line":3,"column":17},"end":{"line":3,"column":18}},"loc":{"start":{"line":3,"column":47},"end":{"line":29,"column":1}},"line":3}},"branchMap":{"0":{"loc":{"start":{"line":10,"column":4},"end":{"line":12,"column":5}},"type":"if","locations":[{"start":{"line":10,"column":4},"end":{"line":12,"column":5}},{"start":{},"end":{}}],"line":10},"1":{"loc":{"start":{"line":16,"column":11},"end":{"line":16,"column":60}},"type":"cond-expr","locations":[{"start":{"line":16,"column":30},"end":{"line":16,"column":56}},{"start":{"line":16,"column":59},"end":{"line":16,"column":60}}],"line":16},"2":{"loc":{"start":{"line":22,"column":4},"end":{"line":24,"column":5}},"type":"if","locations":[{"start":{"line":22,"column":4},"end":{"line":24,"column":5}},{"start":{},"end":{}}],"line":22}},"s":{"0":2,"1":2,"2":2,"3":3,"4":3,"5":1,"6":2,"7":2,"8":2,"9":2,"10":2,"11":1,"12":1,"13":1},"f":{"0":3},"b":{"0":[1,2],"1":[1,1],"2":[1,1]},"_coverageSchema":"1a1c01bbd47fc00a2c39e90264f33305004495a9","hash":"64d27dd576d294e8693df48305a77709e36ee6d3"}
,"D:\\Projets\\API-REST-TICTACTRIP\\models\\AuthModel.js": {"path":"D:\\Projets\\API-REST-TICTACTRIP\\models\\AuthModel.js","statementMap":{"0":{"start":{"line":1,"column":13},"end":{"line":1,"column":42}},"1":{"start":{"line":4,"column":0},"end":{"line":6,"column":1}},"2":{"start":{"line":5,"column":4},"end":{"line":5,"column":80}},"3":{"start":{"line":9,"column":0},"end":{"line":13,"column":1}},"4":{"start":{"line":10,"column":4},"end":{"line":12,"column":6}},"5":{"start":{"line":15,"column":0},"end":{"line":17,"column":1}},"6":{"start":{"line":16,"column":4},"end":{"line":16,"column":78}}},"fnMap":{"0":{"name":"(anonymous_0)","decl":{"start":{"line":4,"column":25},"end":{"line":4,"column":26}},"loc":{"start":{"line":4,"column":49},"end":{"line":6,"column":1}},"line":4},"1":{"name":"(anonymous_1)","decl":{"start":{"line":9,"column":30},"end":{"line":9,"column":31}},"loc":{"start":{"line":9,"column":54},"end":{"line":13,"column":1}},"line":9},"2":{"name":"(anonymous_2)","decl":{"start":{"line":15,"column":28},"end":{"line":15,"column":29}},"loc":{"start":{"line":15,"column":52},"end":{"line":17,"column":1}},"line":15}},"branchMap":{},"s":{"0":2,"1":2,"2":4,"3":2,"4":1,"5":2,"6":1},"f":{"0":4,"1":1,"2":1},"b":{},"_coverageSchema":"1a1c01bbd47fc00a2c39e90264f33305004495a9","hash":"0b6b8fb0ba8bc3f0cf0122a9d5dfbcdfdbd9ad8e"}
,"D:\\Projets\\API-REST-TICTACTRIP\\models\\TextModel.js": {"path":"D:\\Projets\\API-REST-TICTACTRIP\\models\\TextModel.js","statementMap":{"0":{"start":{"line":1,"column":13},"end":{"line":1,"column":42}},"1":{"start":{"line":3,"column":0},"end":{"line":7,"column":1}},"2":{"start":{"line":4,"column":4},"end":{"line":6,"column":6}},"3":{"start":{"line":9,"column":0},"end":{"line":13,"column":1}},"4":{"start":{"line":10,"column":4},"end":{"line":12,"column":6}},"5":{"start":{"line":15,"column":0},"end":{"line":17,"column":1}},"6":{"start":{"line":16,"column":4},"end":{"line":16,"column":164}},"7":{"start":{"line":21,"column":0},"end":{"line":23,"column":1}},"8":{"start":{"line":22,"column":4},"end":{"line":22,"column":89}},"9":{"start":{"line":25,"column":0},"end":{"line":27,"column":1}},"10":{"start":{"line":26,"column":4},"end":{"line":26,"column":126}}},"fnMap":{"0":{"name":"(anonymous_0)","decl":{"start":{"line":3,"column":45},"end":{"line":3,"column":46}},"loc":{"start":{"line":3,"column":69},"end":{"line":7,"column":1}},"line":3},"1":{"name":"(anonymous_1)","decl":{"start":{"line":9,"column":34},"end":{"line":9,"column":35}},"loc":{"start":{"line":9,"column":71},"end":{"line":13,"column":1}},"line":9},"2":{"name":"(anonymous_2)","decl":{"start":{"line":15,"column":42},"end":{"line":15,"column":43}},"loc":{"start":{"line":15,"column":65},"end":{"line":17,"column":1}},"line":15},"3":{"name":"(anonymous_3)","decl":{"start":{"line":21,"column":48},"end":{"line":21,"column":49}},"loc":{"start":{"line":21,"column":71},"end":{"line":23,"column":1}},"line":21},"4":{"name":"(anonymous_4)","decl":{"start":{"line":25,"column":35},"end":{"line":25,"column":36}},"loc":{"start":{"line":25,"column":67},"end":{"line":27,"column":1}},"line":25}},"branchMap":{},"s":{"0":2,"1":2,"2":1,"3":2,"4":1,"5":2,"6":3,"7":2,"8":1,"9":2,"10":1},"f":{"0":1,"1":1,"2":3,"3":1,"4":1},"b":{},"_coverageSchema":"1a1c01bbd47fc00a2c39e90264f33305004495a9","hash":"6e66267da65bedb01ccb4160908165c0e5bc9f0d"}
,"D:\\Projets\\API-REST-TICTACTRIP\\models\\dbConfig.js": {"path":"D:\\Projets\\API-REST-TICTACTRIP\\models\\dbConfig.js","statementMap":{"0":{"start":{"line":1,"column":12},"end":{"line":1,"column":30}},"1":{"start":{"line":2,"column":0},"end":{"line":2,"column":27}},"2":{"start":{"line":3,"column":21},"end":{"line":3,"column":58}},"3":{"start":{"line":4,"column":25},"end":{"line":4,"column":183}},"4":{"start":{"line":7,"column":13},"end":{"line":12,"column":2}},"5":{"start":{"line":13,"column":0},"end":{"line":13,"column":22}}},"fnMap":{},"branchMap":{"0":{"loc":{"start":{"line":8,"column":22},"end":{"line":8,"column":80}},"type":"cond-expr","locations":[{"start":{"line":8,"column":37},"end":{"line":8,"column":61}},{"start":{"line":8,"column":64},"end":{"line":8,"column":80}}],"line":8},"1":{"loc":{"start":{"line":9,"column":9},"end":{"line":11,"column":5}},"type":"cond-expr","locations":[{"start":{"line":9,"column":25},"end":{"line":9,"column":30}},{"start":{"line":9,"column":32},"end":{"line":11,"column":5}}],"line":9}},"s":{"0":2,"1":2,"2":2,"3":2,"4":2,"5":2},"f":{},"b":{"0":[0,2],"1":[2,0]},"_coverageSchema":"1a1c01bbd47fc00a2c39e90264f33305004495a9","hash":"06713af1bd32a4c2ae5ccba0be29263067a5decc"}
,"D:\\Projets\\API-REST-TICTACTRIP\\routes\\Auth.js": {"path":"D:\\Projets\\API-REST-TICTACTRIP\\routes\\Auth.js","statementMap":{"0":{"start":{"line":1,"column":13},"end":{"line":1,"column":42}},"1":{"start":{"line":3,"column":15},"end":{"line":3,"column":42}},"2":{"start":{"line":4,"column":12},"end":{"line":4,"column":35}},"3":{"start":{"line":5,"column":27},"end":{"line":5,"column":62}},"4":{"start":{"line":6,"column":19},"end":{"line":6,"column":37}},"5":{"start":{"line":7,"column":33},"end":{"line":7,"column":63}},"6":{"start":{"line":10,"column":0},"end":{"line":36,"column":3}},"7":{"start":{"line":11,"column":4},"end":{"line":34,"column":5}},"8":{"start":{"line":13,"column":24},"end":{"line":13,"column":32}},"9":{"start":{"line":16,"column":21},"end":{"line":16,"column":41}},"10":{"start":{"line":18,"column":8},"end":{"line":20,"column":9}},"11":{"start":{"line":19,"column":12},"end":{"line":19,"column":75}},"12":{"start":{"line":23,"column":24},"end":{"line":23,"column":49}},"13":{"start":{"line":26,"column":22},"end":{"line":26,"column":62}},"14":{"start":{"line":28,"column":8},"end":{"line":28,"column":37}},"15":{"start":{"line":32,"column":8},"end":{"line":32,"column":27}},"16":{"start":{"line":33,"column":8},"end":{"line":33,"column":72}},"17":{"start":{"line":38,"column":0},"end":{"line":58,"column":2}},"18":{"start":{"line":39,"column":4},"end":{"line":57,"column":5}},"19":{"start":{"line":41,"column":24},"end":{"line":41,"column":32}},"20":{"start":{"line":44,"column":21},"end":{"line":44,"column":41}},"21":{"start":{"line":45,"column":8},"end":{"line":47,"column":9}},"22":{"start":{"line":46,"column":12},"end":{"line":46,"column":73}},"23":{"start":{"line":50,"column":22},"end":{"line":50,"column":59}},"24":{"start":{"line":53,"column":8},"end":{"line":53,"column":26}},"25":{"start":{"line":55,"column":8},"end":{"line":55,"column":27}},"26":{"start":{"line":56,"column":8},"end":{"line":56,"column":72}},"27":{"start":{"line":60,"column":0},"end":{"line":60,"column":24}}},"fnMap":{"0":{"name":"(anonymous_0)","decl":{"start":{"line":10,"column":47},"end":{"line":10,"column":48}},"loc":{"start":{"line":10,"column":66},"end":{"line":36,"column":1}},"line":10},"1":{"name":"(anonymous_1)","decl":{"start":{"line":38,"column":45},"end":{"line":38,"column":46}},"loc":{"start":{"line":38,"column":63},"end":{"line":58,"column":1}},"line":38}},"branchMap":{"0":{"loc":{"start":{"line":18,"column":8},"end":{"line":20,"column":9}},"type":"if","locations":[{"start":{"line":18,"column":8},"end":{"line":20,"column":9}},{"start":{},"end":{}}],"line":18},"1":{"loc":{"start":{"line":45,"column":8},"end":{"line":47,"column":9}},"type":"if","locations":[{"start":{"line":45,"column":8},"end":{"line":47,"column":9}},{"start":{},"end":{}}],"line":45}},"s":{"0":2,"1":2,"2":2,"3":2,"4":2,"5":2,"6":2,"7":2,"8":2,"9":2,"10":2,"11":1,"12":1,"13":1,"14":1,"15":0,"16":0,"17":2,"18":2,"19":2,"20":2,"21":2,"22":1,"23":1,"24":1,"25":0,"26":0,"27":2},"f":{"0":2,"1":2},"b":{"0":[1,1],"1":[1,1]},"_coverageSchema":"1a1c01bbd47fc00a2c39e90264f33305004495a9","hash":"8a7bff89188c9c382561a50e150379c4c5e1a86f"}
,"D:\\Projets\\API-REST-TICTACTRIP\\routes\\Text.js": {"path":"D:\\Projets\\API-REST-TICTACTRIP\\routes\\Text.js","statementMap":{"0":{"start":{"line":1,"column":13},"end":{"line":1,"column":42}},"1":{"start":{"line":2,"column":20},"end":{"line":2,"column":58}},"2":{"start":{"line":3,"column":30},"end":{"line":3,"column":76}},"3":{"start":{"line":4,"column":16},"end":{"line":4,"column":47}},"4":{"start":{"line":5,"column":0},"end":{"line":5,"column":27}},"5":{"start":{"line":6,"column":15},"end":{"line":6,"column":42}},"6":{"start":{"line":7,"column":83},"end":{"line":7,"column":113}},"7":{"start":{"line":10,"column":0},"end":{"line":30,"column":2}},"8":{"start":{"line":11,"column":4},"end":{"line":29,"column":5}},"9":{"start":{"line":13,"column":21},"end":{"line":13,"column":29}},"10":{"start":{"line":16,"column":30},"end":{"line":16,"column":79}},"11":{"start":{"line":19,"column":24},"end":{"line":19,"column":92}},"12":{"start":{"line":23,"column":8},"end":{"line":23,"column":32}},"13":{"start":{"line":27,"column":8},"end":{"line":27,"column":27}},"14":{"start":{"line":28,"column":8},"end":{"line":28,"column":72}},"15":{"start":{"line":32,"column":0},"end":{"line":43,"column":2}},"16":{"start":{"line":33,"column":4},"end":{"line":33,"column":61}},"17":{"start":{"line":34,"column":4},"end":{"line":34,"column":62}},"18":{"start":{"line":36,"column":4},"end":{"line":40,"column":5}},"19":{"start":{"line":42,"column":4},"end":{"line":42,"column":19}},"20":{"start":{"line":46,"column":0},"end":{"line":46,"column":24}}},"fnMap":{"0":{"name":"(anonymous_0)","decl":{"start":{"line":10,"column":61},"end":{"line":10,"column":62}},"loc":{"start":{"line":10,"column":78},"end":{"line":30,"column":1}},"line":10},"1":{"name":"(anonymous_1)","decl":{"start":{"line":32,"column":38},"end":{"line":32,"column":39}},"loc":{"start":{"line":32,"column":55},"end":{"line":43,"column":1}},"line":32}},"branchMap":{"0":{"loc":{"start":{"line":38,"column":24},"end":{"line":38,"column":73}},"type":"cond-expr","locations":[{"start":{"line":38,"column":48},"end":{"line":38,"column":69}},{"start":{"line":38,"column":72},"end":{"line":38,"column":73}}],"line":38}},"s":{"0":2,"1":2,"2":2,"3":2,"4":2,"5":2,"6":2,"7":2,"8":1,"9":1,"10":1,"11":1,"12":1,"13":0,"14":0,"15":2,"16":1,"17":1,"18":1,"19":1,"20":2},"f":{"0":1,"1":1},"b":{"0":[1,0]},"_coverageSchema":"1a1c01bbd47fc00a2c39e90264f33305004495a9","hash":"e685ce5c7c84e1f5f5b46e6e2a6ce026f2464d2d"}
,"D:\\Projets\\API-REST-TICTACTRIP\\utils\\justifyText.js": {"path":"D:\\Projets\\API-REST-TICTACTRIP\\utils\\justifyText.js","statementMap":{"0":{"start":{"line":3,"column":17},"end":{"line":3,"column":19}},"1":{"start":{"line":5,"column":4},"end":{"line":8,"column":5}},"2":{"start":{"line":7,"column":8},"end":{"line":7,"column":53}},"3":{"start":{"line":9,"column":4},"end":{"line":9,"column":29}},"4":{"start":{"line":13,"column":16},"end":{"line":13,"column":18}},"5":{"start":{"line":14,"column":4},"end":{"line":43,"column":5}},"6":{"start":{"line":16,"column":18},"end":{"line":16,"column":30}},"7":{"start":{"line":19,"column":8},"end":{"line":22,"column":9}},"8":{"start":{"line":20,"column":12},"end":{"line":20,"column":37}},"9":{"start":{"line":21,"column":12},"end":{"line":21,"column":18}},"10":{"start":{"line":23,"column":24},"end":{"line":23,"column":34}},"11":{"start":{"line":26,"column":8},"end":{"line":30,"column":9}},"12":{"start":{"line":27,"column":25},"end":{"line":27,"column":49}},"13":{"start":{"line":28,"column":12},"end":{"line":28,"column":53}},"14":{"start":{"line":29,"column":12},"end":{"line":29,"column":36}},"15":{"start":{"line":32,"column":8},"end":{"line":32,"column":24}},"16":{"start":{"line":33,"column":26},"end":{"line":33,"column":48}},"17":{"start":{"line":35,"column":8},"end":{"line":42,"column":9}},"18":{"start":{"line":37,"column":12},"end":{"line":37,"column":38}},"19":{"start":{"line":40,"column":12},"end":{"line":40,"column":50}},"20":{"start":{"line":41,"column":12},"end":{"line":41,"column":18}},"21":{"start":{"line":45,"column":4},"end":{"line":45,"column":27}},"22":{"start":{"line":49,"column":11},"end":{"line":49,"column":23}},"23":{"start":{"line":50,"column":12},"end":{"line":50,"column":13}},"24":{"start":{"line":51,"column":21},"end":{"line":51,"column":22}},"25":{"start":{"line":52,"column":4},"end":{"line":60,"column":5}},"26":{"start":{"line":54,"column":7},"end":{"line":57,"column":9}},"27":{"start":{"line":55,"column":9},"end":{"line":55,"column":23}},"28":{"start":{"line":56,"column":9},"end":{"line":56,"column":15}},"29":{"start":{"line":58,"column":8},"end":{"line":58,"column":35}},"30":{"start":{"line":59,"column":8},"end":{"line":59,"column":24}},"31":{"start":{"line":63,"column":0},"end":{"line":70,"column":1}},"32":{"start":{"line":66,"column":19},"end":{"line":66,"column":35}},"33":{"start":{"line":68,"column":8},"end":{"line":68,"column":49}}},"fnMap":{"0":{"name":"formatLignes","decl":{"start":{"line":2,"column":9},"end":{"line":2,"column":21}},"loc":{"start":{"line":2,"column":41},"end":{"line":10,"column":1}},"line":2},"1":{"name":"formatLigne","decl":{"start":{"line":12,"column":9},"end":{"line":12,"column":20}},"loc":{"start":{"line":12,"column":40},"end":{"line":46,"column":1}},"line":12},"2":{"name":"verifLigneLength","decl":{"start":{"line":48,"column":9},"end":{"line":48,"column":25}},"loc":{"start":{"line":48,"column":46},"end":{"line":61,"column":1}},"line":48},"3":{"name":"(anonymous_3)","decl":{"start":{"line":65,"column":12},"end":{"line":65,"column":13}},"loc":{"start":{"line":65,"column":41},"end":{"line":69,"column":5}},"line":65}},"branchMap":{"0":{"loc":{"start":{"line":19,"column":8},"end":{"line":22,"column":9}},"type":"if","locations":[{"start":{"line":19,"column":8},"end":{"line":22,"column":9}},{"start":{},"end":{}}],"line":19},"1":{"loc":{"start":{"line":26,"column":8},"end":{"line":30,"column":9}},"type":"if","locations":[{"start":{"line":26,"column":8},"end":{"line":30,"column":9}},{"start":{},"end":{}}],"line":26},"2":{"loc":{"start":{"line":35,"column":8},"end":{"line":42,"column":9}},"type":"if","locations":[{"start":{"line":35,"column":8},"end":{"line":42,"column":9}},{"start":{},"end":{}}],"line":35},"3":{"loc":{"start":{"line":54,"column":7},"end":{"line":57,"column":9}},"type":"if","locations":[{"start":{"line":54,"column":7},"end":{"line":57,"column":9}},{"start":{},"end":{}}],"line":54}},"s":{"0":1,"1":1,"2":25,"3":1,"4":25,"5":25,"6":341,"7":341,"8":1,"9":1,"10":340,"11":340,"12":0,"13":0,"14":0,"15":340,"16":340,"17":340,"18":23,"19":23,"20":23,"21":25,"22":23,"23":23,"24":23,"25":23,"26":48,"27":0,"28":0,"29":48,"30":48,"31":2,"32":1,"33":1},"f":{"0":1,"1":25,"2":23,"3":1},"b":{"0":[1,340],"1":[0,340],"2":[23,317],"3":[0,48]},"_coverageSchema":"1a1c01bbd47fc00a2c39e90264f33305004495a9","hash":"19d8c78790fd23a88b96e527e3aefbb47f4f81d9"}
,"D:\\Projets\\API-REST-TICTACTRIP\\utils\\jwt.js": {"path":"D:\\Projets\\API-REST-TICTACTRIP\\utils\\jwt.js","statementMap":{"0":{"start":{"line":1,"column":12},"end":{"line":1,"column":35}},"1":{"start":{"line":2,"column":0},"end":{"line":2,"column":27}},"2":{"start":{"line":6,"column":0},"end":{"line":14,"column":1}},"3":{"start":{"line":8,"column":24},"end":{"line":10,"column":9}},"4":{"start":{"line":12,"column":8},"end":{"line":12,"column":85}}},"fnMap":{"0":{"name":"(anonymous_0)","decl":{"start":{"line":7,"column":19},"end":{"line":7,"column":20}},"loc":{"start":{"line":7,"column":39},"end":{"line":13,"column":5}},"line":7}},"branchMap":{},"s":{"0":2,"1":2,"2":2,"3":2,"4":2},"f":{"0":2},"b":{},"_coverageSchema":"1a1c01bbd47fc00a2c39e90264f33305004495a9","hash":"93ea4b5bd41ba57ddb477a4ee7ed15ead03ad173"}
}
