TN:
SF:app.js
FNF:0
FNH:0
DA:1,2
DA:2,2
DA:5,2
DA:6,2
DA:11,2
DA:15,2
DA:18,2
LF:7
LH:7
BRF:0
BRH:0
end_of_record
TN:
SF:middleware\Validation.js
FN:1,(anonymous_0)
FN:4,validateEmail
FNF:2
FNH:2
FNDA:8,(anonymous_0)
FNDA:6,validateEmail
DA:1,2
DA:2,8
DA:5,6
DA:8,8
DA:9,2
DA:11,6
DA:12,2
DA:15,4
LF:8
LH:8
BRDA:8,0,0,2
BRDA:8,0,1,6
BRDA:11,1,0,2
BRDA:11,1,1,4
BRF:4
BRH:4
end_of_record
TN:
SF:middleware\jwtValidation.js
FN:4,(anonymous_0)
FN:15,(anonymous_1)
FNF:2
FNH:2
FNDA:5,(anonymous_0)
FNDA:4,(anonymous_1)
DA:1,2
DA:2,2
DA:4,2
DA:6,5
DA:7,5
DA:10,5
DA:11,1
DA:15,4
DA:16,4
DA:17,1
DA:19,3
DA:20,3
LF:12
LH:12
BRDA:7,0,0,5
BRDA:7,0,1,4
BRDA:10,1,0,1
BRDA:10,1,1,4
BRDA:16,2,0,1
BRDA:16,2,1,3
BRF:6
BRH:6
end_of_record
TN:
SF:middleware\textJustifyValidation.js
FN:3,(anonymous_0)
FNF:1
FNH:1
FNDA:3,(anonymous_0)
DA:1,2
DA:2,2
DA:3,2
DA:7,3
DA:10,3
DA:11,1
DA:15,2
DA:16,2
DA:19,2
DA:20,2
DA:22,2
DA:23,1
DA:25,1
DA:26,1
LF:14
LH:14
BRDA:10,0,0,1
BRDA:10,0,1,2
BRDA:16,1,0,1
BRDA:16,1,1,1
BRDA:22,2,0,1
BRDA:22,2,1,1
BRF:6
BRH:6
end_of_record
TN:
SF:models\dbConfig.js
FNF:0
FNH:0
DA:1,2
DA:2,2
DA:3,2
DA:4,2
DA:7,2
DA:13,2
LF:6
LH:6
BRDA:8,0,0,0
BRDA:8,0,1,2
BRDA:9,1,0,2
BRDA:9,1,1,0
BRF:4
BRH:2
end_of_record
TN:
SF:routes\Auth.js
FN:9,(anonymous_0)
FN:39,(anonymous_1)
FNF:2
FNH:2
FNDA:2,(anonymous_0)
FNDA:2,(anonymous_1)
DA:1,2
DA:3,2
DA:4,2
DA:5,2
DA:6,2
DA:9,2
DA:10,2
DA:12,2
DA:15,2
DA:17,2
DA:18,1
DA:22,1
DA:27,1
DA:29,1
DA:33,0
DA:34,0
DA:39,2
DA:40,2
DA:42,2
DA:45,2
DA:46,2
DA:47,1
DA:51,1
DA:54,1
DA:56,0
DA:57,0
DA:61,2
LF:27
LH:23
BRDA:17,0,0,1
BRDA:17,0,1,1
BRDA:46,1,0,1
BRDA:46,1,1,1
BRF:4
BRH:4
end_of_record
TN:
SF:routes\Text.js
FN:10,(anonymous_0)
FNF:1
FNH:1
FNDA:1,(anonymous_0)
DA:1,2
DA:2,2
DA:3,2
DA:4,2
DA:5,2
DA:6,2
DA:10,2
DA:11,1
DA:13,1
DA:16,1
DA:19,1
DA:24,1
DA:28,0
DA:29,0
DA:33,2
LF:15
LH:13
BRF:0
BRH:0
end_of_record
TN:
SF:utils\justifyText.js
FN:2,formatLignes
FN:12,formatLigne
FN:48,verifLigneLength
FN:65,(anonymous_3)
FNF:4
FNH:4
FNDA:1,formatLignes
FNDA:25,formatLigne
FNDA:23,verifLigneLength
FNDA:1,(anonymous_3)
DA:3,1
DA:5,1
DA:7,25
DA:9,1
DA:13,25
DA:14,25
DA:16,341
DA:19,341
DA:20,1
DA:21,1
DA:23,340
DA:26,340
DA:27,0
DA:28,0
DA:29,0
DA:32,340
DA:33,340
DA:35,340
DA:37,23
DA:40,23
DA:41,23
DA:45,25
DA:49,23
DA:50,23
DA:51,23
DA:52,23
DA:54,48
DA:55,0
DA:56,0
DA:58,48
DA:59,48
DA:63,2
DA:66,1
DA:68,1
LF:34
LH:29
BRDA:19,0,0,1
BRDA:19,0,1,340
BRDA:26,1,0,0
BRDA:26,1,1,340
BRDA:35,2,0,23
BRDA:35,2,1,317
BRDA:54,3,0,0
BRDA:54,3,1,48
BRF:8
BRH:6
end_of_record
TN:
SF:utils\jwt.js
FN:7,(anonymous_0)
FNF:1
FNH:1
FNDA:2,(anonymous_0)
DA:1,2
DA:2,2
DA:6,2
DA:8,2
DA:12,2
LF:5
LH:5
BRF:0
BRH:0
end_of_record
